!base-ui
gst-plugins-good
gst-plugins-bad
gtk4
gcr
gcr4
libcdio
libcdio-paranoia
gvfs
libxfce4util
xfconf
libxfce4ui
exo
garcon
libwnck
xfce4-dev-tools
libxfce4windowing
xfce4-panel
thunar
thunar-volman
tumbler
xfce4-appfinder
xfce4-power-manager
libxklavier
xml-simple
icon-naming-utils
gnome-icon-theme
xfce4-settings
xfdesktop
xfwm4
polkit-gnome
xfce4-session
fast_float
vte
xfce4-terminal
ristretto
xfce4-notifyd
libsigc++
glibmm
cairomm
pangomm
gtkmm
pavucontrol
keybinder
xfce4-pulseaudio-plugin
lightdm
lightdm-gtk-greeter