!base-ui
gst-plugins-good
gst-plugins-bad
gtk4
gcr
gcr4
fast_float
vte
yelp-xsl
geocode-glib
spider-monkey
gjs
gnome-autoar
gnome-desktop
gnome-menus
libxmlb
appstream
libadwaita
gnome-online-accounts
libgee
libgtop
libgweather
libpeas
abseil-cpp
glslang
protobuf
protobuf-c
libshumate
xdg-dbus-proxy
highway
libjxl
libavif
libmbim
libqmi
modem-manager
geoclue
enchant
unifdef
ruby
webkitgtk
poppler
evolution-data-server
tinysparql
libgxps
exempi
gexiv2
localsearch
gsound
xdg-desktop-portal-gnome
libhandy
dconf
dconf-editor
gnome-backgrounds
libcdio
libcdio-paranoia
gvfs
libcloudproviders
libportal
nautilus
gnome-bluetooth
gnome-keyring
colord
zxing-cpp
libndp
iptables
gpm
slang
newt
network-manager
libnma
gnome-settings-daemon
tecla
colord-gtk
ibus
rpcsvc-proto
parse-yapp
jansson
samba
gnome-control-center
hatch_fancy_pypi_readme
attrs
libei
mutter
gnome-shell
gnome-shell-extensions
gnome-session
sound-theme-freedesktop
gnome-tweaks
gnome-user-docs
yelp
baobab
webp-pixbuf-loader
eog
evince
gtksourceview
gnome-calculator
gnome-color-manager
freerdp
gtk-vnc
gnome-connections
gnome-disk-utility
gnome-logs
gnome-maps
gnome-power-manager
gnome-screenshot
libsigc++
glibmm
cairomm
pangomm
gtkmm
gnome-system-monitor
gnome-terminal
gnome-weather
seahorse
gst-plugins-rs-gstreamer
snapshot
gdm