man-pages
iana-etc
glibc
zlib
bzip2
xz
lz4
zstd
file
readline
m4
bc
flex
tcl
expect
dejagnu
pkgconf
binutils
gmp
mpfr
mpc
attr
acl
libcap
libxcrypt
shadow
gcc
ncurses
sed
psmisc
gettext
bison
grep
bash
libtool
gdbm
gperf
expat
inetutils
less
perl
xml-parser
intltool
autoconf
automake
openssl
elfutils
libffi
python
flit_core
wheel
setuptools
ninja
meson
kmod
coreutils
check
diffutils
gawk
findutils
groff
grub
gzip
iproute2
kbd
libpipeline
make
patch
tar
texinfo
vim
markupsafe
jinja2
systemd
dbus
man-db
procps-ng
util-linux
e2fsprogs
init-config
linux
