!base-ui
qt6
extra-cmake-modules
plasma-wayland-protocols
kwindowsystem-lxqt
kconfig-lxqt
solid-lxqt
kidletime-lxqt
kwayland-lxqt
libkscreen-lxqt
layershell-qt-lxqt
lxqt-build-tools
libdbusmenu-lxqt
libqtxdg
lxqt-menu-data
polkit-qt-1
liblxqt
libsysstat
qtxdg-tools
menu-cache
libfm-qt
lxqt-globalkeys
lxqt-qtplugin
libstatgrab
lxqt-panel
oxygen-icons
pcmanfm-qt
lxqt-powermanagement
lxqt-runner
lxqt-themes
lxqt-admin
lxqt-about
lxqt-config
lxqt-policykit
lxqt-sudo
lxqt-openssh-askpass
lxqt-session
xdg-desktop-portal-lxqt
openbox
obconf-qt
breeze-icons
lxqt-user-config
lximage-qt
lxqt-archiver
lxqt-notificationd
pavucontrol-qt
qps
qtermwidget
qterminal
screengrab
sddm
