!base-ui
qt6
poppler
extra-cmake-modules
breeze-icons
plasma-wayland-protocols
phonon
vlc
phonon-backend-vlc
polkit-qt-1
kde-pre-setup
qca
qrencode
mime-base32
uri
noto-sans-font
libmbim
libqmi
modem-manager
zxing-cpp
libndp
iptables
gpm
slang
newt
network-manager
kde-frameworks
dolphin
dolphin-plugins
gavl
frei0r-plugins
mlt
kdenlive
kmix
konsole
libkexiv2
plasma-activities
plasma-activities-stats
kdsoap
doxygen
kdsoap-ws-discovery-client
qcoro
smartypants
typogrify
markdown
gi_docgen
libproxy
kio-extras
poppler
okular
libkdcraw
kColorPicker
kImageAnnotator
gwenview
kirigami-addons
pulseaudio-qt
libqalculate
libnl
xine-lib
opencv
utfcpp
taglib
xdotool
libpcap
pciutils
psutil
pygdbmi
urllib3
certifi
sentry_sdk
smartmontools
kde-plasma
sddm
kate
kcalc
kclock
kpmcore
partitionmanager
