xorg-config
util-macros
xorgproto
libXau
libXdmcp
xcb-proto
libxcb
xorg-libs
libxcvt
xcb-util
xcb-util-image
xcb-util-keysyms
xcb-util-renderutil
xcb-util-wm
xcb-util-cursor
wayland
wayland-protocols
vulkan-headers
vulkan-loader
libvdpau
libdrm
spriv-headers
spriv-tools
glslang
yaml
cython
pyyaml
mako
libva-nomesa
spriv-llvm-translator
libclc
ply
mesa
libva
xbitmaps
xorg-apps
luit
xcursor-themes
xorg-fonts
xkeyboard-config
libtirpc
libepoxy
xwayland
xorg-server
libevdev
mtdev
xf86-input-evdev
libinput
xf86-input-libinput
twm
dejavu-fonts-ttf
xterm
xclock
xinit
lynx
xdg-utils
libusb
cups
double-conversion
gstreamer
iso-codes
libgudev
cairo
pango
gst-plugins-base
libxkbcommon
sdl2
libwebp
muparser
libfm
itstool
editables
pathspec
packaging
setuptools_scm
pluggy
trove_classifiers
hatchling
pygments
gtk-doc
pulseaudio
lm-sensors
upower
xdg-user-dirs
shared-mime-info
gdk-pixbuf
librsvg
fuse
json-glib
libical
bluez
sbc
glu
v4l-utils
pipewire
wireplumber
bubblewrap
xdg-desktop-portal
hicolor-icon-theme
desktop-file-utils
at-spi2-core
gsettings-desktop-schemas
gtk3
adwaita-icon-theme
libevent
startup-notification
libnotify